Using pre-set license
Built from '2020.3/staging' branch; Version is '2020.3.13f1 (71691879b7f5) revision 7432472'; Using compiler version '192528614'; Build Type 'Release'
OS: 'Windows 10 Enterprise LTSC 2019; OS build 17763.1697; Version 1809; 64bit' Language: 'ru' Physical Memory: 32720 MB
BatchMode: 1, IsHumanControllingUs: 0, StartBugReporterOnCrash: 0, Is64bit: 1, IsPro: 0

 COMMAND LINE ARGUMENTS:
D:\Programs\Unity\2020.3.13f1\Editor\Unity.exe
-adb2
-batchMode
-noUpm
-name
AssetImportWorker0
-projectPath
D:/Git/3D_Endless_Runner
-logFile
Logs/AssetImportWorker0.log
-srvPort
54564
Successfully changed project path to: D:/Git/3D_Endless_Runner
D:/Git/3D_Endless_Runner
Using Asset Import Pipeline V2.
Refreshing native plugins compatible for Editor in 40.41 ms, found 2 plugins.
Preloading 0 native plugins for Editor in 0.00 ms.
Initialize engine version: 2020.3.13f1 (71691879b7f5)
[Subsystems] Discovering subsystems at path D:/Programs/Unity/2020.3.13f1/Editor/Data/Resources/UnitySubsystems
[Subsystems] Discovering subsystems at path D:/Git/3D_Endless_Runner/Assets
GfxDevice: creating device client; threaded=0
Direct3D:
    Version:  Direct3D 11.0 [level 11.1]
    Renderer: NVIDIA GeForce GTX 1060 (ID=0x1c20)
    Vendor:   
    VRAM:     6052 MB
    Driver:   27.21.14.6140
Initialize mono
Mono path[0] = 'D:/Programs/Unity/2020.3.13f1/Editor/Data/Managed'
Mono path[1] = 'D:/Programs/Unity/2020.3.13f1/Editor/Data/MonoBleedingEdge/lib/mono/unityjit'
Mono config path = 'D:/Programs/Unity/2020.3.13f1/Editor/Data/MonoBleedingEdge/etc'
Using monoOptions --debugger-agent=transport=dt_socket,embedding=1,server=y,suspend=n,address=127.0.0.1:56404
Begin MonoManager ReloadAssembly
Registering precompiled unity dll's ...
Register platform support module: D:/Programs/Unity/2020.3.13f1/Editor/Data/PlaybackEngines/WebGLSupport/UnityEditor.WebGL.Extensions.dll
Register platform support module: D:/Programs/Unity/2020.3.13f1/Editor/Data/PlaybackEngines/WindowsStandaloneSupport/UnityEditor.WindowsStandalone.Extensions.dll
Registered in 0.001424 seconds.
Native extension for WindowsStandalone target not found
Native extension for WebGL target not found
Refreshing native plugins compatible for Editor in 39.83 ms, found 2 plugins.
Preloading 0 native plugins for Editor in 0.00 ms.
Mono: successfully reloaded assembly
- Completed reload, in  1.912 seconds
Platform modules already initialized, skipping
Registering precompiled user dll's ...
Registered in 0.003698 seconds.
Begin MonoManager ReloadAssembly
Native extension for WindowsStandalone target not found
Native extension for WebGL target not found
Refreshing native plugins compatible for Editor in 0.40 ms, found 2 plugins.
Preloading 0 native plugins for Editor in 0.00 ms.
Mono: successfully reloaded assembly
- Completed reload, in  1.099 seconds
Platform modules already initialized, skipping
========================================================================
Worker process is ready to serve import requests
Launched and connected shader compiler UnityShaderCompiler.exe after 0.03 seconds
Refreshing native plugins compatible for Editor in 0.41 ms, found 2 plugins.
Preloading 0 native plugins for Editor in 0.00 ms.
Unloading 1430 Unused Serialized files (Serialized files now loaded: 0)
System memory in use before: 71.7 MB.
System memory in use after: 71.8 MB.

Unloading 21 unused Assets to reduce memory usage. Loaded Objects now: 1869.
Total: 2.588400 ms (FindLiveObjects: 0.151000 ms CreateObjectMapping: 0.041400 ms MarkObjects: 2.237100 ms  DeleteObjects: 0.157300 ms)

AssetImportParameters requested are different than current active one (requested -> active):
  custom:framework-win-MediaFoundation: 216162199b28c13a410421893ffa2e32 -> 
  custom:video-decoder-ogg-theora: a1e56fd34408186e4bbccfd4996cb3dc -> 
  custom:container-muxer-webm: aa71ff27fc2769a1b78a27578f13a17b -> 
  custom:container-demuxer-webm: 4f35f7cbe854078d1ac9338744f61a02 -> 
  custom:container-demuxer-ogg: 62fdf1f143b41e24485cea50d1cbac27 -> 
  custom:video-encoder-webm-vp8: eb34c28f22e8b96e1ab97ce403110664 -> 
  custom:video-decoder-webm-vp8: 9c59270c3fd7afecdb556c50c9e8de78 -> 
  custom:audio-decoder-ogg-vorbis: bf7c407c2cedff20999df2af8eb42d56 -> 
  custom:audio-encoder-webm-vorbis: bf7c407c2cedff20999df2af8eb42d56 -> 
========================================================================
Received Import Request.
  path: Assets/Prefabs/Roads/Road_2.prefab
  artifactKey: Guid(ddcbc6129cd34ad46921487b0d71cf23) Importer(815301076,1909f56bfc062723c751e8b465ee728b)
Start importing Assets/Prefabs/Roads/Road_2.prefab using Guid(ddcbc6129cd34ad46921487b0d71cf23) Importer(815301076,1909f56bfc062723c751e8b465ee728b)  -> (artifact id: 'fca2b01e1e1cb1c5a30af3b08ce44a74') in 0.112394 seconds 
  Import took 0.115355 seconds .

========================================================================
Received Import Request.
  Time since last request: 320.950586 seconds.
  path: Assets/Prefabs/Roads/Road_3.prefab
  artifactKey: Guid(fe2df37c301458d43b57e95a25e8c045) Importer(815301076,1909f56bfc062723c751e8b465ee728b)
Start importing Assets/Prefabs/Roads/Road_3.prefab using Guid(fe2df37c301458d43b57e95a25e8c045) Importer(815301076,1909f56bfc062723c751e8b465ee728b)  -> (artifact id: '4cbe060ca3aa20fe7dd1341effe908d2') in 0.020270 seconds 
  Import took 0.024044 seconds .

========================================================================
Received Import Request.
  Time since last request: 329.365382 seconds.
  path: Assets/Prefabs/Roads/Road_4.prefab
  artifactKey: Guid(56ace2e4ba1b16c4a892978256c53dbe) Importer(815301076,1909f56bfc062723c751e8b465ee728b)
Start importing Assets/Prefabs/Roads/Road_4.prefab using Guid(56ace2e4ba1b16c4a892978256c53dbe) Importer(815301076,1909f56bfc062723c751e8b465ee728b)  -> (artifact id: '40d8af0793441ee44d483d78c90d0d7d') in 0.017408 seconds 
  Import took 0.021100 seconds .

========================================================================
Received Prepare
Registering precompiled user dll's ...
Registered in 0.003528 seconds.
Begin MonoManager ReloadAssembly
Native extension for WindowsStandalone target not found
Native extension for WebGL target not found
Refreshing native plugins compatible for Editor in 0.43 ms, found 2 plugins.
Preloading 0 native plugins for Editor in 0.00 ms.
Mono: successfully reloaded assembly
- Completed reload, in  1.060 seconds
Platform modules already initialized, skipping
Refreshing native plugins compatible for Editor in 0.52 ms, found 2 plugins.
Preloading 0 native plugins for Editor in 0.00 ms.
Unloading 1408 Unused Serialized files (Serialized files now loaded: 0)
System memory in use before: 73.2 MB.
System memory in use after: 73.3 MB.

Unloading 16 unused Assets to reduce memory usage. Loaded Objects now: 1879.
Total: 1.963900 ms (FindLiveObjects: 0.157100 ms CreateObjectMapping: 0.051700 ms MarkObjects: 1.675000 ms  DeleteObjects: 0.078800 ms)

AssetImportParameters requested are different than current active one (requested -> active):
  custom:framework-win-MediaFoundation: 216162199b28c13a410421893ffa2e32 -> 
  custom:video-decoder-ogg-theora: a1e56fd34408186e4bbccfd4996cb3dc -> 
  custom:container-muxer-webm: aa71ff27fc2769a1b78a27578f13a17b -> 
  custom:container-demuxer-webm: 4f35f7cbe854078d1ac9338744f61a02 -> 
  custom:container-demuxer-ogg: 62fdf1f143b41e24485cea50d1cbac27 -> 
  custom:video-encoder-webm-vp8: eb34c28f22e8b96e1ab97ce403110664 -> 
  custom:video-decoder-webm-vp8: 9c59270c3fd7afecdb556c50c9e8de78 -> 
  custom:audio-decoder-ogg-vorbis: bf7c407c2cedff20999df2af8eb42d56 -> 
  custom:audio-encoder-webm-vorbis: bf7c407c2cedff20999df2af8eb42d56 -> 
========================================================================
Received Prepare
Registering precompiled user dll's ...
Registered in 0.003544 seconds.
Begin MonoManager ReloadAssembly
Native extension for WindowsStandalone target not found
Native extension for WebGL target not found
Refreshing native plugins compatible for Editor in 0.40 ms, found 2 plugins.
Preloading 0 native plugins for Editor in 0.00 ms.
Mono: successfully reloaded assembly
- Completed reload, in  1.008 seconds
Platform modules already initialized, skipping
Refreshing native plugins compatible for Editor in 0.46 ms, found 2 plugins.
Preloading 0 native plugins for Editor in 0.00 ms.
Unloading 1408 Unused Serialized files (Serialized files now loaded: 0)
System memory in use before: 73.2 MB.
System memory in use after: 73.3 MB.

Unloading 16 unused Assets to reduce memory usage. Loaded Objects now: 1882.
Total: 2.365500 ms (FindLiveObjects: 0.194300 ms CreateObjectMapping: 0.087000 ms MarkObjects: 1.970800 ms  DeleteObjects: 0.112100 ms)

AssetImportParameters requested are different than current active one (requested -> active):
  custom:framework-win-MediaFoundation: 216162199b28c13a410421893ffa2e32 -> 
  custom:video-decoder-ogg-theora: a1e56fd34408186e4bbccfd4996cb3dc -> 
  custom:container-muxer-webm: aa71ff27fc2769a1b78a27578f13a17b -> 
  custom:container-demuxer-webm: 4f35f7cbe854078d1ac9338744f61a02 -> 
  custom:container-demuxer-ogg: 62fdf1f143b41e24485cea50d1cbac27 -> 
  custom:video-encoder-webm-vp8: eb34c28f22e8b96e1ab97ce403110664 -> 
  custom:video-decoder-webm-vp8: 9c59270c3fd7afecdb556c50c9e8de78 -> 
  custom:audio-decoder-ogg-vorbis: bf7c407c2cedff20999df2af8eb42d56 -> 
  custom:audio-encoder-webm-vorbis: bf7c407c2cedff20999df2af8eb42d56 -> 
========================================================================
Received Import Request.
  Time since last request: 578.136542 seconds.
  path: Assets/Prefabs/Roads/Road_5.prefab
  artifactKey: Guid(654c41a924b965b4da0c3f19761f18f5) Importer(815301076,1909f56bfc062723c751e8b465ee728b)
Start importing Assets/Prefabs/Roads/Road_5.prefab using Guid(654c41a924b965b4da0c3f19761f18f5) Importer(815301076,1909f56bfc062723c751e8b465ee728b)  -> (artifact id: 'd8deb489bd11d2e73add4f3a079006cf') in 0.081332 seconds 
  Import took 0.085557 seconds .

========================================================================
Received Import Request.
  Time since last request: 211.046006 seconds.
  path: Assets/Prefabs/Arch.prefab
  artifactKey: Guid(393a29b3937c1244e81316203aaade7e) Importer(815301076,1909f56bfc062723c751e8b465ee728b)
Start importing Assets/Prefabs/Arch.prefab using Guid(393a29b3937c1244e81316203aaade7e) Importer(815301076,1909f56bfc062723c751e8b465ee728b)  -> (artifact id: 'a01fbf24dc386f416bb013614060ab54') in 0.010437 seconds 
  Import took 0.013364 seconds .

========================================================================
Received Import Request.
  Time since last request: 0.003782 seconds.
  path: Assets/Prefabs/Arch.prefab
  artifactKey: Guid(393a29b3937c1244e81316203aaade7e) Importer(815301076,1909f56bfc062723c751e8b465ee728b)
Start importing Assets/Prefabs/Arch.prefab using Guid(393a29b3937c1244e81316203aaade7e) Importer(815301076,1909f56bfc062723c751e8b465ee728b)  -> (artifact id: 'a01fbf24dc386f416bb013614060ab54') in 0.010331 seconds 
  Import took 0.013428 seconds .

========================================================================
Received Import Request.
  Time since last request: 13.106855 seconds.
  path: Assets/Prefabs/Arch.prefab
  artifactKey: Guid(393a29b3937c1244e81316203aaade7e) Importer(815301076,1909f56bfc062723c751e8b465ee728b)
Start importing Assets/Prefabs/Arch.prefab using Guid(393a29b3937c1244e81316203aaade7e) Importer(815301076,1909f56bfc062723c751e8b465ee728b)  -> (artifact id: 'ca9eb72661d5642e97b4bf5b3bae951d') in 0.009339 seconds 
  Import took 0.012362 seconds .

========================================================================
Received Import Request.
  Time since last request: 0.004129 seconds.
  path: Assets/Prefabs/Arch.prefab
  artifactKey: Guid(393a29b3937c1244e81316203aaade7e) Importer(815301076,1909f56bfc062723c751e8b465ee728b)
Start importing Assets/Prefabs/Arch.prefab using Guid(393a29b3937c1244e81316203aaade7e) Importer(815301076,1909f56bfc062723c751e8b465ee728b)  -> (artifact id: 'ca9eb72661d5642e97b4bf5b3bae951d') in 0.009967 seconds 
  Import took 0.013060 seconds .

========================================================================
Received Import Request.
  Time since last request: 133.791533 seconds.
  path: Assets/Prefabs/Arch.prefab
  artifactKey: Guid(393a29b3937c1244e81316203aaade7e) Importer(815301076,1909f56bfc062723c751e8b465ee728b)
Start importing Assets/Prefabs/Arch.prefab using Guid(393a29b3937c1244e81316203aaade7e) Importer(815301076,1909f56bfc062723c751e8b465ee728b)  -> (artifact id: 'eb9d0734626b25ec7340c6963f6bb170') in 0.009297 seconds 
  Import took 0.012951 seconds .

========================================================================
Received Import Request.
  Time since last request: 7.933943 seconds.
  path: Assets/Prefabs/Arch.prefab
  artifactKey: Guid(393a29b3937c1244e81316203aaade7e) Importer(815301076,1909f56bfc062723c751e8b465ee728b)
Start importing Assets/Prefabs/Arch.prefab using Guid(393a29b3937c1244e81316203aaade7e) Importer(815301076,1909f56bfc062723c751e8b465ee728b)  -> (artifact id: 'bd985a89b51d02a775313325a68134fa') in 0.010043 seconds 
  Import took 0.013023 seconds .

========================================================================
Received Import Request.
  Time since last request: 3.205979 seconds.
  path: Assets/Prefabs/Arch.prefab
  artifactKey: Guid(393a29b3937c1244e81316203aaade7e) Importer(815301076,1909f56bfc062723c751e8b465ee728b)
Start importing Assets/Prefabs/Arch.prefab using Guid(393a29b3937c1244e81316203aaade7e) Importer(815301076,1909f56bfc062723c751e8b465ee728b)  -> (artifact id: '38f3cd0937a079f29cff706c404257b4') in 0.009934 seconds 
  Import took 0.012754 seconds .

========================================================================
Received Import Request.
  Time since last request: 2.867030 seconds.
  path: Assets/Prefabs/Arch.prefab
  artifactKey: Guid(393a29b3937c1244e81316203aaade7e) Importer(815301076,1909f56bfc062723c751e8b465ee728b)
Start importing Assets/Prefabs/Arch.prefab using Guid(393a29b3937c1244e81316203aaade7e) Importer(815301076,1909f56bfc062723c751e8b465ee728b)  -> (artifact id: '55fbf72e3e98be750706269a943a71d9') in 0.010151 seconds 
  Import took 0.012969 seconds .

========================================================================
Received Import Request.
  Time since last request: 6.519735 seconds.
  path: Assets/Prefabs/Arch.prefab
  artifactKey: Guid(393a29b3937c1244e81316203aaade7e) Importer(815301076,1909f56bfc062723c751e8b465ee728b)
Start importing Assets/Prefabs/Arch.prefab using Guid(393a29b3937c1244e81316203aaade7e) Importer(815301076,1909f56bfc062723c751e8b465ee728b)  -> (artifact id: 'eb439bf2690a4c75402f7628818a24d3') in 0.009324 seconds 
  Import took 0.012519 seconds .

========================================================================
Received Import Request.
  Time since last request: 13.717895 seconds.
  path: Assets/Prefabs/Arch.prefab
  artifactKey: Guid(393a29b3937c1244e81316203aaade7e) Importer(815301076,1909f56bfc062723c751e8b465ee728b)
Start importing Assets/Prefabs/Arch.prefab using Guid(393a29b3937c1244e81316203aaade7e) Importer(815301076,1909f56bfc062723c751e8b465ee728b)  -> (artifact id: '8a25488e8569cac70d85a8f974f2117d') in 0.009836 seconds 
  Import took 0.012951 seconds .

========================================================================
Received Import Request.
  Time since last request: 22.998928 seconds.
  path: Assets/Prefabs/Arch.prefab
  artifactKey: Guid(393a29b3937c1244e81316203aaade7e) Importer(815301076,1909f56bfc062723c751e8b465ee728b)
Start importing Assets/Prefabs/Arch.prefab using Guid(393a29b3937c1244e81316203aaade7e) Importer(815301076,1909f56bfc062723c751e8b465ee728b)  -> (artifact id: '314d9db91c05ddb6b57e0a53d7f5fe4d') in 0.009429 seconds 
  Import took 0.012386 seconds .

========================================================================
Received Import Request.
  Time since last request: 4.628424 seconds.
  path: Assets/Prefabs/Arch.prefab
  artifactKey: Guid(393a29b3937c1244e81316203aaade7e) Importer(815301076,1909f56bfc062723c751e8b465ee728b)
Start importing Assets/Prefabs/Arch.prefab using Guid(393a29b3937c1244e81316203aaade7e) Importer(815301076,1909f56bfc062723c751e8b465ee728b)  -> (artifact id: 'c6c31d7e471e9ce83489d09fb1bb8183') in 0.008715 seconds 
  Import took 0.011992 seconds .

========================================================================
Received Import Request.
  Time since last request: 24.519341 seconds.
  path: Assets/Prefabs/Arch.prefab
  artifactKey: Guid(393a29b3937c1244e81316203aaade7e) Importer(815301076,1909f56bfc062723c751e8b465ee728b)
Start importing Assets/Prefabs/Arch.prefab using Guid(393a29b3937c1244e81316203aaade7e) Importer(815301076,1909f56bfc062723c751e8b465ee728b)  -> (artifact id: 'fe7c53edaa49e894abda2e7bc48cf38d') in 0.009158 seconds 
  Import took 0.024930 seconds .

========================================================================
Received Import Request.
  Time since last request: 3.020374 seconds.
  path: Assets/Prefabs/Arch.prefab
  artifactKey: Guid(393a29b3937c1244e81316203aaade7e) Importer(815301076,1909f56bfc062723c751e8b465ee728b)
Start importing Assets/Prefabs/Arch.prefab using Guid(393a29b3937c1244e81316203aaade7e) Importer(815301076,1909f56bfc062723c751e8b465ee728b)  -> (artifact id: '93d9337b36d677924e1ea1d253ebef3e') in 0.010840 seconds 
  Import took 0.013746 seconds .

========================================================================
Received Import Request.
  Time since last request: 2.281857 seconds.
  path: Assets/Prefabs/Arch.prefab
  artifactKey: Guid(393a29b3937c1244e81316203aaade7e) Importer(815301076,1909f56bfc062723c751e8b465ee728b)
Start importing Assets/Prefabs/Arch.prefab using Guid(393a29b3937c1244e81316203aaade7e) Importer(815301076,1909f56bfc062723c751e8b465ee728b)  -> (artifact id: '2b16a01d958c22e6252d5117016bf74b') in 0.009612 seconds 
  Import took 0.012437 seconds .

========================================================================
Received Import Request.
  Time since last request: 10.274691 seconds.
  path: Assets/Prefabs/Arch.prefab
  artifactKey: Guid(393a29b3937c1244e81316203aaade7e) Importer(815301076,1909f56bfc062723c751e8b465ee728b)
Start importing Assets/Prefabs/Arch.prefab using Guid(393a29b3937c1244e81316203aaade7e) Importer(815301076,1909f56bfc062723c751e8b465ee728b)  -> (artifact id: '4921d0fc50ae904e28c3e4f16302d3c9') in 0.009588 seconds 
  Import took 0.012665 seconds .

========================================================================
Received Import Request.
  Time since last request: 1.607162 seconds.
  path: Assets/Prefabs/Arch.prefab
  artifactKey: Guid(393a29b3937c1244e81316203aaade7e) Importer(815301076,1909f56bfc062723c751e8b465ee728b)
Start importing Assets/Prefabs/Arch.prefab using Guid(393a29b3937c1244e81316203aaade7e) Importer(815301076,1909f56bfc062723c751e8b465ee728b)  -> (artifact id: '50ba281c2322b81dc96d3d83a25f0014') in 0.010007 seconds 
  Import took 0.013177 seconds .

========================================================================
Received Import Request.
  Time since last request: 5.832271 seconds.
  path: Assets/Prefabs/Arch.prefab
  artifactKey: Guid(393a29b3937c1244e81316203aaade7e) Importer(815301076,1909f56bfc062723c751e8b465ee728b)
Start importing Assets/Prefabs/Arch.prefab using Guid(393a29b3937c1244e81316203aaade7e) Importer(815301076,1909f56bfc062723c751e8b465ee728b)  -> (artifact id: '58ea4f5e2857e3d490bd5c9e5092078a') in 0.010021 seconds 
  Import took 0.013355 seconds .

========================================================================
Received Import Request.
  Time since last request: 20.615769 seconds.
  path: Assets/Prefabs/Arch.prefab
  artifactKey: Guid(393a29b3937c1244e81316203aaade7e) Importer(815301076,1909f56bfc062723c751e8b465ee728b)
Start importing Assets/Prefabs/Arch.prefab using Guid(393a29b3937c1244e81316203aaade7e) Importer(815301076,1909f56bfc062723c751e8b465ee728b)  -> (artifact id: '6854f029a10a7b84ea17fae6d758e56a') in 0.009335 seconds 
  Import took 0.012403 seconds .

========================================================================
Received Import Request.
  Time since last request: 18.986531 seconds.
  path: Assets/Prefabs/Arch.prefab
  artifactKey: Guid(393a29b3937c1244e81316203aaade7e) Importer(815301076,1909f56bfc062723c751e8b465ee728b)
Start importing Assets/Prefabs/Arch.prefab using Guid(393a29b3937c1244e81316203aaade7e) Importer(815301076,1909f56bfc062723c751e8b465ee728b)  -> (artifact id: '7537526acaf7e6135feb35ab7754f078') in 0.011010 seconds 
  Import took 0.014158 seconds .

========================================================================
Received Prepare
Registering precompiled user dll's ...
Registered in 0.003280 seconds.
Begin MonoManager ReloadAssembly
Native extension for WindowsStandalone target not found
Native extension for WebGL target not found
Refreshing native plugins compatible for Editor in 0.41 ms, found 2 plugins.
Preloading 0 native plugins for Editor in 0.00 ms.
Mono: successfully reloaded assembly
- Completed reload, in  0.993 seconds
Platform modules already initialized, skipping
Refreshing native plugins compatible for Editor in 0.41 ms, found 2 plugins.
Preloading 0 native plugins for Editor in 0.00 ms.
Unloading 1408 Unused Serialized files (Serialized files now loaded: 0)
System memory in use before: 73.4 MB.
System memory in use after: 73.5 MB.

Unloading 16 unused Assets to reduce memory usage. Loaded Objects now: 1886.
Total: 2.562200 ms (FindLiveObjects: 0.144600 ms CreateObjectMapping: 0.037700 ms MarkObjects: 2.256900 ms  DeleteObjects: 0.122200 ms)

AssetImportParameters requested are different than current active one (requested -> active):
  custom:framework-win-MediaFoundation: 216162199b28c13a410421893ffa2e32 -> 
  custom:video-decoder-ogg-theora: a1e56fd34408186e4bbccfd4996cb3dc -> 
  custom:container-muxer-webm: aa71ff27fc2769a1b78a27578f13a17b -> 
  custom:container-demuxer-webm: 4f35f7cbe854078d1ac9338744f61a02 -> 
  custom:container-demuxer-ogg: 62fdf1f143b41e24485cea50d1cbac27 -> 
  custom:video-encoder-webm-vp8: eb34c28f22e8b96e1ab97ce403110664 -> 
  custom:video-decoder-webm-vp8: 9c59270c3fd7afecdb556c50c9e8de78 -> 
  custom:audio-decoder-ogg-vorbis: bf7c407c2cedff20999df2af8eb42d56 -> 
  custom:audio-encoder-webm-vorbis: bf7c407c2cedff20999df2af8eb42d56 -> 
========================================================================
Received Import Request.
  Time since last request: 1052.853693 seconds.
  path: Assets/Prefabs/Arch.prefab
  artifactKey: Guid(393a29b3937c1244e81316203aaade7e) Importer(815301076,1909f56bfc062723c751e8b465ee728b)
Start importing Assets/Prefabs/Arch.prefab using Guid(393a29b3937c1244e81316203aaade7e) Importer(815301076,1909f56bfc062723c751e8b465ee728b)  -> (artifact id: '3453183e82c9b6ca81244a46fa333016') in 0.065764 seconds 
  Import took 0.069061 seconds .

========================================================================
Received Import Request.
  Time since last request: 28.070111 seconds.
  path: Assets/Prefabs/Roads/Road_6.prefab
  artifactKey: Guid(ca73fc7c7c9408748ad1c957d8ef5ff5) Importer(815301076,1909f56bfc062723c751e8b465ee728b)
Start importing Assets/Prefabs/Roads/Road_6.prefab using Guid(ca73fc7c7c9408748ad1c957d8ef5ff5) Importer(815301076,1909f56bfc062723c751e8b465ee728b)  -> (artifact id: 'e85ff22ca0668a1a775c21a1e0130c2f') in 0.020789 seconds 
  Import took 0.024279 seconds .

========================================================================
Received Import Request.
  Time since last request: 0.001765 seconds.
  path: Assets/Prefabs/Roads/Road_6.prefab
  artifactKey: Guid(ca73fc7c7c9408748ad1c957d8ef5ff5) Importer(815301076,1909f56bfc062723c751e8b465ee728b)
Start importing Assets/Prefabs/Roads/Road_6.prefab using Guid(ca73fc7c7c9408748ad1c957d8ef5ff5) Importer(815301076,1909f56bfc062723c751e8b465ee728b)  -> (artifact id: 'e85ff22ca0668a1a775c21a1e0130c2f') in 0.020366 seconds 
  Import took 0.023991 seconds .

========================================================================
Received Import Request.
  Time since last request: 264.278792 seconds.
  path: Assets/Prefabs/Roads/Road_7.prefab
  artifactKey: Guid(9089d7b8c7cf0e04e823e72b9b099225) Importer(815301076,1909f56bfc062723c751e8b465ee728b)
Start importing Assets/Prefabs/Roads/Road_7.prefab using Guid(9089d7b8c7cf0e04e823e72b9b099225) Importer(815301076,1909f56bfc062723c751e8b465ee728b)  -> (artifact id: '5ced7bfd86ca8c05a7634f3f0d0cff8f') in 0.018099 seconds 
  Import took 0.021453 seconds .

========================================================================
Received Import Request.
  Time since last request: 1.229283 seconds.
  path: Assets/Prefabs/Roads/Road_4.prefab
  artifactKey: Guid(56ace2e4ba1b16c4a892978256c53dbe) Importer(815301076,1909f56bfc062723c751e8b465ee728b)
Start importing Assets/Prefabs/Roads/Road_4.prefab using Guid(56ace2e4ba1b16c4a892978256c53dbe) Importer(815301076,1909f56bfc062723c751e8b465ee728b)  -> (artifact id: '6eb8673969a9a86062bbdaee5baf9587') in 0.014197 seconds 
  Import took 0.017572 seconds .

========================================================================
Received Import Request.
  Time since last request: 91.170863 seconds.
  path: Assets/Prefabs/Arche_2.prefab
  artifactKey: Guid(b4fc95d460d189d4c9899fe1387d8455) Importer(815301076,1909f56bfc062723c751e8b465ee728b)
Start importing Assets/Prefabs/Arche_2.prefab using Guid(b4fc95d460d189d4c9899fe1387d8455) Importer(815301076,1909f56bfc062723c751e8b465ee728b)  -> (artifact id: '44dbc5fe5c7137fabd75163b543c94ad') in 0.008334 seconds 
  Import took 0.011593 seconds .

========================================================================
Received Import Request.
  Time since last request: 5.337863 seconds.
  path: Assets/Prefabs/Arche_2 1.prefab
  artifactKey: Guid(41af9e3dee27ce248a0a933bfb096fea) Importer(815301076,1909f56bfc062723c751e8b465ee728b)
Start importing Assets/Prefabs/Arche_2 1.prefab using Guid(41af9e3dee27ce248a0a933bfb096fea) Importer(815301076,1909f56bfc062723c751e8b465ee728b)  -> (artifact id: '3a2f2151cdce0703209344b5eb953d70') in 0.007864 seconds 
  Import took 0.010511 seconds .

========================================================================
Received Import Request.
  Time since last request: 199.939878 seconds.
  path: Assets/Prefabs/Roads/Road_8.prefab
  artifactKey: Guid(613067162442d944d98d77ad50923716) Importer(815301076,1909f56bfc062723c751e8b465ee728b)
Start importing Assets/Prefabs/Roads/Road_8.prefab using Guid(613067162442d944d98d77ad50923716) Importer(815301076,1909f56bfc062723c751e8b465ee728b)  -> (artifact id: '242ae05c55642acc47c1e6f65383b194') in 0.017757 seconds 
  Import took 0.021106 seconds .

========================================================================
Received Import Request.
  Time since last request: 34.480643 seconds.
  path: Assets/Prefabs/Arch (two_doors).prefab
  artifactKey: Guid(393a29b3937c1244e81316203aaade7e) Importer(815301076,1909f56bfc062723c751e8b465ee728b)
Start importing Assets/Prefabs/Arch (two_doors).prefab using Guid(393a29b3937c1244e81316203aaade7e) Importer(815301076,1909f56bfc062723c751e8b465ee728b)  -> (artifact id: '153a6a6f423b0900b89695ffec51f83f') in 0.009378 seconds 
  Import took 0.012595 seconds .

========================================================================
Received Import Request.
  Time since last request: 15.833585 seconds.
  path: Assets/Prefabs/Arche_2.prefab
  artifactKey: Guid(41af9e3dee27ce248a0a933bfb096fea) Importer(815301076,1909f56bfc062723c751e8b465ee728b)
Start importing Assets/Prefabs/Arche_2.prefab using Guid(41af9e3dee27ce248a0a933bfb096fea) Importer(815301076,1909f56bfc062723c751e8b465ee728b)  -> (artifact id: 'a71bb073b564dfec17b29f118fd200b4') in 0.008935 seconds 
  Import took 0.011963 seconds .

AssetImportWorkerClient::OnTransportError - code=2 error=End of file
